{"/Users/krisnafirdaus/Desktop/feature-byte/featurebyte-form-builder/src/components/FormRenderer.tsx": {"path":"/Users/krisnafirdaus/Desktop/feature-byte/featurebyte-form-builder/src/components/FormRenderer.tsx","all":false,"statementMap":{"0":{"start":{"line":1,"column":0},"end":{"line":1,"column":64}},"4":{"start":{"line":5,"column":0},"end":{"line":5,"column":47}},"5":{"start":{"line":6,"column":0},"end":{"line":6,"column":51}},"6":{"start":{"line":7,"column":0},"end":{"line":7,"column":51}},"7":{"start":{"line":8,"column":0},"end":{"line":8,"column":57}},"8":{"start":{"line":9,"column":0},"end":{"line":9,"column":68}},"16":{"start":{"line":17,"column":0},"end":{"line":17,"column":95}},"17":{"start":{"line":18,"column":0},"end":{"line":18,"column":60}},"18":{"start":{"line":19,"column":0},"end":{"line":19,"column":42}},"19":{"start":{"line":20,"column":0},"end":{"line":20,"column":29}},"20":{"start":{"line":21,"column":0},"end":{"line":21,"column":63}},"21":{"start":{"line":22,"column":0},"end":{"line":22,"column":36}},"22":{"start":{"line":23,"column":0},"end":{"line":23,"column":56}},"23":{"start":{"line":24,"column":0},"end":{"line":24,"column":23}},"24":{"start":{"line":25,"column":0},"end":{"line":25,"column":7}},"25":{"start":{"line":26,"column":0},"end":{"line":26,"column":28}},"26":{"start":{"line":27,"column":0},"end":{"line":27,"column":5}},"27":{"start":{"line":28,"column":0},"end":{"line":28,"column":55}},"30":{"start":{"line":31,"column":0},"end":{"line":31,"column":100}},"31":{"start":{"line":32,"column":0},"end":{"line":32,"column":43}},"32":{"start":{"line":33,"column":0},"end":{"line":33,"column":98}},"34":{"start":{"line":35,"column":0},"end":{"line":35,"column":30}},"35":{"start":{"line":36,"column":0},"end":{"line":36,"column":18}},"36":{"start":{"line":37,"column":0},"end":{"line":37,"column":25}},"37":{"start":{"line":38,"column":0},"end":{"line":38,"column":8}},"40":{"start":{"line":41,"column":0},"end":{"line":41,"column":23}},"41":{"start":{"line":42,"column":0},"end":{"line":42,"column":31}},"42":{"start":{"line":43,"column":0},"end":{"line":43,"column":44}},"43":{"start":{"line":44,"column":0},"end":{"line":44,"column":31}},"44":{"start":{"line":45,"column":0},"end":{"line":45,"column":25}},"45":{"start":{"line":46,"column":0},"end":{"line":46,"column":9}},"46":{"start":{"line":47,"column":0},"end":{"line":47,"column":5}},"47":{"start":{"line":48,"column":0},"end":{"line":48,"column":15}},"50":{"start":{"line":51,"column":0},"end":{"line":51,"column":112}},"51":{"start":{"line":52,"column":0},"end":{"line":52,"column":30}},"52":{"start":{"line":53,"column":0},"end":{"line":53,"column":20}},"53":{"start":{"line":54,"column":0},"end":{"line":54,"column":22}},"54":{"start":{"line":55,"column":0},"end":{"line":55,"column":8}},"56":{"start":{"line":57,"column":0},"end":{"line":57,"column":23}},"57":{"start":{"line":58,"column":0},"end":{"line":58,"column":33}},"58":{"start":{"line":59,"column":0},"end":{"line":59,"column":48}},"59":{"start":{"line":60,"column":0},"end":{"line":60,"column":35}},"60":{"start":{"line":61,"column":0},"end":{"line":61,"column":29}},"61":{"start":{"line":62,"column":0},"end":{"line":62,"column":11}},"62":{"start":{"line":63,"column":0},"end":{"line":63,"column":5}},"63":{"start":{"line":64,"column":0},"end":{"line":64,"column":15}},"67":{"start":{"line":68,"column":0},"end":{"line":68,"column":51}},"68":{"start":{"line":69,"column":0},"end":{"line":69,"column":37}},"69":{"start":{"line":70,"column":0},"end":{"line":70,"column":23}},"71":{"start":{"line":72,"column":0},"end":{"line":72,"column":29}},"73":{"start":{"line":74,"column":0},"end":{"line":74,"column":84}},"74":{"start":{"line":75,"column":0},"end":{"line":75,"column":71}},"76":{"start":{"line":77,"column":0},"end":{"line":77,"column":41}},"77":{"start":{"line":78,"column":0},"end":{"line":78,"column":69}},"78":{"start":{"line":79,"column":0},"end":{"line":79,"column":34}},"79":{"start":{"line":80,"column":0},"end":{"line":80,"column":27}},"82":{"start":{"line":83,"column":0},"end":{"line":83,"column":31}},"83":{"start":{"line":84,"column":0},"end":{"line":84,"column":42}},"84":{"start":{"line":85,"column":0},"end":{"line":85,"column":91}},"85":{"start":{"line":86,"column":0},"end":{"line":86,"column":63}},"86":{"start":{"line":87,"column":0},"end":{"line":87,"column":88}},"87":{"start":{"line":88,"column":0},"end":{"line":88,"column":28}},"88":{"start":{"line":89,"column":0},"end":{"line":89,"column":11}},"89":{"start":{"line":90,"column":0},"end":{"line":90,"column":16}},"90":{"start":{"line":91,"column":0},"end":{"line":91,"column":70}},"91":{"start":{"line":92,"column":0},"end":{"line":92,"column":66}},"92":{"start":{"line":93,"column":0},"end":{"line":93,"column":28}},"93":{"start":{"line":94,"column":0},"end":{"line":94,"column":11}},"94":{"start":{"line":95,"column":0},"end":{"line":95,"column":9}},"95":{"start":{"line":96,"column":0},"end":{"line":96,"column":7}},"98":{"start":{"line":99,"column":0},"end":{"line":99,"column":66}},"99":{"start":{"line":100,"column":0},"end":{"line":100,"column":29}},"100":{"start":{"line":101,"column":0},"end":{"line":101,"column":26}},"101":{"start":{"line":102,"column":0},"end":{"line":102,"column":97}},"102":{"start":{"line":103,"column":0},"end":{"line":103,"column":54}},"103":{"start":{"line":104,"column":0},"end":{"line":104,"column":76}},"104":{"start":{"line":105,"column":0},"end":{"line":105,"column":95}},"105":{"start":{"line":106,"column":0},"end":{"line":106,"column":36}},"106":{"start":{"line":107,"column":0},"end":{"line":107,"column":17}},"107":{"start":{"line":108,"column":0},"end":{"line":108,"column":76}},"108":{"start":{"line":109,"column":0},"end":{"line":109,"column":99}},"109":{"start":{"line":110,"column":0},"end":{"line":110,"column":36}},"110":{"start":{"line":111,"column":0},"end":{"line":111,"column":17}},"111":{"start":{"line":112,"column":0},"end":{"line":112,"column":22}},"112":{"start":{"line":113,"column":0},"end":{"line":113,"column":30}},"113":{"start":{"line":114,"column":0},"end":{"line":114,"column":85}},"114":{"start":{"line":115,"column":0},"end":{"line":115,"column":110}},"115":{"start":{"line":116,"column":0},"end":{"line":116,"column":84}},"116":{"start":{"line":117,"column":0},"end":{"line":117,"column":36}},"117":{"start":{"line":118,"column":0},"end":{"line":118,"column":17}},"118":{"start":{"line":119,"column":0},"end":{"line":119,"column":22}},"120":{"start":{"line":121,"column":0},"end":{"line":121,"column":20}},"121":{"start":{"line":122,"column":0},"end":{"line":122,"column":22}},"122":{"start":{"line":123,"column":0},"end":{"line":123,"column":9}},"123":{"start":{"line":124,"column":0},"end":{"line":124,"column":7}},"125":{"start":{"line":126,"column":0},"end":{"line":126,"column":7}},"127":{"start":{"line":128,"column":0},"end":{"line":128,"column":25}},"128":{"start":{"line":129,"column":0},"end":{"line":129,"column":19}},"129":{"start":{"line":130,"column":0},"end":{"line":130,"column":25}},"131":{"start":{"line":132,"column":0},"end":{"line":132,"column":42}},"132":{"start":{"line":133,"column":0},"end":{"line":133,"column":23}},"133":{"start":{"line":134,"column":0},"end":{"line":134,"column":25}},"135":{"start":{"line":136,"column":0},"end":{"line":136,"column":55}},"136":{"start":{"line":137,"column":0},"end":{"line":137,"column":31}},"137":{"start":{"line":138,"column":0},"end":{"line":138,"column":36}},"138":{"start":{"line":139,"column":0},"end":{"line":139,"column":57}},"139":{"start":{"line":140,"column":0},"end":{"line":140,"column":44}},"140":{"start":{"line":141,"column":0},"end":{"line":141,"column":11}},"141":{"start":{"line":142,"column":0},"end":{"line":142,"column":9}},"142":{"start":{"line":143,"column":0},"end":{"line":143,"column":9}},"143":{"start":{"line":144,"column":0},"end":{"line":144,"column":66}},"144":{"start":{"line":145,"column":0},"end":{"line":145,"column":31}},"145":{"start":{"line":146,"column":0},"end":{"line":146,"column":12}},"146":{"start":{"line":147,"column":0},"end":{"line":147,"column":53}},"147":{"start":{"line":148,"column":0},"end":{"line":148,"column":5}},"148":{"start":{"line":149,"column":0},"end":{"line":149,"column":4}},"151":{"start":{"line":152,"column":0},"end":{"line":152,"column":54}},"152":{"start":{"line":153,"column":0},"end":{"line":153,"column":82}},"153":{"start":{"line":154,"column":0},"end":{"line":154,"column":26}},"154":{"start":{"line":155,"column":0},"end":{"line":155,"column":70}},"155":{"start":{"line":156,"column":0},"end":{"line":156,"column":5}},"157":{"start":{"line":158,"column":0},"end":{"line":158,"column":64}},"158":{"start":{"line":159,"column":0},"end":{"line":159,"column":34}},"159":{"start":{"line":160,"column":0},"end":{"line":160,"column":27}},"160":{"start":{"line":161,"column":0},"end":{"line":161,"column":37}},"161":{"start":{"line":162,"column":0},"end":{"line":162,"column":39}},"163":{"start":{"line":164,"column":0},"end":{"line":164,"column":12}},"164":{"start":{"line":165,"column":0},"end":{"line":165,"column":87}},"165":{"start":{"line":166,"column":0},"end":{"line":166,"column":17}},"166":{"start":{"line":167,"column":0},"end":{"line":167,"column":31}},"167":{"start":{"line":168,"column":0},"end":{"line":168,"column":24}},"168":{"start":{"line":169,"column":0},"end":{"line":169,"column":22}},"169":{"start":{"line":170,"column":0},"end":{"line":170,"column":26}},"170":{"start":{"line":171,"column":0},"end":{"line":171,"column":34}},"171":{"start":{"line":172,"column":0},"end":{"line":172,"column":44}},"172":{"start":{"line":173,"column":0},"end":{"line":173,"column":53}},"173":{"start":{"line":174,"column":0},"end":{"line":174,"column":41}},"174":{"start":{"line":175,"column":0},"end":{"line":175,"column":31}},"175":{"start":{"line":176,"column":0},"end":{"line":176,"column":51}},"176":{"start":{"line":177,"column":0},"end":{"line":177,"column":18}},"178":{"start":{"line":179,"column":0},"end":{"line":179,"column":26}},"179":{"start":{"line":180,"column":0},"end":{"line":180,"column":22}},"180":{"start":{"line":181,"column":0},"end":{"line":181,"column":28}},"181":{"start":{"line":182,"column":0},"end":{"line":182,"column":34}},"182":{"start":{"line":183,"column":0},"end":{"line":183,"column":46}},"183":{"start":{"line":184,"column":0},"end":{"line":184,"column":107}},"184":{"start":{"line":185,"column":0},"end":{"line":185,"column":41}},"185":{"start":{"line":186,"column":0},"end":{"line":186,"column":31}},"186":{"start":{"line":187,"column":0},"end":{"line":187,"column":51}},"187":{"start":{"line":188,"column":0},"end":{"line":188,"column":18}},"189":{"start":{"line":190,"column":0},"end":{"line":190,"column":26}},"190":{"start":{"line":191,"column":0},"end":{"line":191,"column":22}},"191":{"start":{"line":192,"column":0},"end":{"line":192,"column":28}},"192":{"start":{"line":193,"column":0},"end":{"line":193,"column":34}},"193":{"start":{"line":194,"column":0},"end":{"line":194,"column":46}},"194":{"start":{"line":195,"column":0},"end":{"line":195,"column":62}},"195":{"start":{"line":196,"column":0},"end":{"line":196,"column":41}},"196":{"start":{"line":197,"column":0},"end":{"line":197,"column":31}},"197":{"start":{"line":198,"column":0},"end":{"line":198,"column":51}},"198":{"start":{"line":199,"column":0},"end":{"line":199,"column":18}},"200":{"start":{"line":201,"column":0},"end":{"line":201,"column":30}},"201":{"start":{"line":202,"column":0},"end":{"line":202,"column":22}},"202":{"start":{"line":203,"column":0},"end":{"line":203,"column":31}},"203":{"start":{"line":204,"column":0},"end":{"line":204,"column":34}},"204":{"start":{"line":205,"column":0},"end":{"line":205,"column":49}},"205":{"start":{"line":206,"column":0},"end":{"line":206,"column":87}},"206":{"start":{"line":207,"column":0},"end":{"line":207,"column":78}},"207":{"start":{"line":208,"column":0},"end":{"line":208,"column":31}},"208":{"start":{"line":209,"column":0},"end":{"line":209,"column":51}},"209":{"start":{"line":210,"column":0},"end":{"line":210,"column":18}},"211":{"start":{"line":212,"column":0},"end":{"line":212,"column":20}},"213":{"start":{"line":214,"column":0},"end":{"line":214,"column":26}},"214":{"start":{"line":215,"column":0},"end":{"line":215,"column":11}},"215":{"start":{"line":216,"column":0},"end":{"line":216,"column":13}},"216":{"start":{"line":217,"column":0},"end":{"line":217,"column":12}},"218":{"start":{"line":219,"column":0},"end":{"line":219,"column":4}},"220":{"start":{"line":221,"column":0},"end":{"line":221,"column":10}},"221":{"start":{"line":222,"column":0},"end":{"line":222,"column":9}},"222":{"start":{"line":223,"column":0},"end":{"line":223,"column":67}},"223":{"start":{"line":224,"column":0},"end":{"line":224,"column":29}},"224":{"start":{"line":225,"column":0},"end":{"line":225,"column":16}},"226":{"start":{"line":227,"column":0},"end":{"line":227,"column":56}},"227":{"start":{"line":228,"column":0},"end":{"line":228,"column":13}},"228":{"start":{"line":229,"column":0},"end":{"line":229,"column":21}},"229":{"start":{"line":230,"column":0},"end":{"line":230,"column":67}},"230":{"start":{"line":231,"column":0},"end":{"line":231,"column":7}},"232":{"start":{"line":233,"column":0},"end":{"line":233,"column":15}},"233":{"start":{"line":234,"column":0},"end":{"line":234,"column":11}},"235":{"start":{"line":236,"column":0},"end":{"line":236,"column":2}},"237":{"start":{"line":238,"column":0},"end":{"line":238,"column":28}}},"s":{"0":1,"4":1,"5":1,"6":1,"7":1,"8":1,"16":1,"17":88,"18":16,"19":16,"20":76,"21":76,"22":15,"23":61,"24":16,"25":16,"26":88,"27":88,"30":88,"31":50,"32":50,"34":50,"35":50,"36":50,"37":50,"40":50,"41":3,"42":3,"43":3,"44":3,"45":3,"46":3,"47":88,"50":88,"51":12,"52":12,"53":12,"54":12,"56":12,"57":0,"58":0,"59":0,"60":0,"61":0,"62":0,"63":88,"67":88,"68":10,"69":10,"71":10,"73":50,"74":50,"76":46,"77":46,"78":6,"79":40,"82":50,"83":34,"84":10,"85":10,"86":4,"87":4,"88":4,"89":34,"90":24,"91":11,"92":11,"93":11,"94":24,"95":34,"98":50,"99":27,"100":27,"101":5,"102":5,"103":5,"104":2,"105":2,"106":2,"107":5,"108":2,"109":2,"110":2,"111":5,"112":27,"113":10,"114":10,"115":1,"116":1,"117":1,"118":10,"120":27,"121":12,"122":27,"123":27,"125":10,"127":10,"128":10,"129":88,"131":88,"132":10,"133":10,"135":2,"136":2,"137":10,"138":4,"139":2,"140":2,"141":4,"142":2,"143":2,"144":2,"145":10,"146":8,"147":8,"148":10,"151":88,"152":436,"153":436,"154":49,"155":49,"157":387,"158":38,"159":349,"160":436,"161":436,"163":436,"164":436,"165":436,"166":387,"167":387,"168":125,"169":125,"170":125,"171":125,"172":125,"173":125,"174":125,"175":125,"176":125,"178":387,"179":87,"180":87,"181":87,"182":87,"183":87,"184":87,"185":87,"186":87,"187":87,"189":387,"190":87,"191":87,"192":87,"193":87,"194":87,"195":87,"196":87,"197":87,"198":87,"200":387,"201":87,"202":87,"203":87,"204":87,"205":87,"206":87,"207":87,"208":87,"209":87,"211":387,"213":1,"214":387,"215":436,"216":436,"218":436,"220":88,"221":88,"222":88,"223":88,"224":88,"226":88,"227":88,"228":88,"229":88,"230":88,"232":88,"233":88,"235":88,"237":1},"branchMap":{"0":{"type":"branch","line":17,"loc":{"start":{"line":17,"column":50},"end":{"line":236,"column":2}},"locations":[{"start":{"line":17,"column":50},"end":{"line":236,"column":2}}]},"1":{"type":"branch","line":18,"loc":{"start":{"line":18,"column":53},"end":{"line":27,"column":3}},"locations":[{"start":{"line":18,"column":53},"end":{"line":27,"column":3}}]},"2":{"type":"branch","line":20,"loc":{"start":{"line":20,"column":19},"end":{"line":25,"column":5}},"locations":[{"start":{"line":20,"column":19},"end":{"line":25,"column":5}}]},"3":{"type":"branch","line":22,"loc":{"start":{"line":22,"column":24},"end":{"line":23,"column":56}},"locations":[{"start":{"line":22,"column":24},"end":{"line":23,"column":56}}]},"4":{"type":"branch","line":23,"loc":{"start":{"line":23,"column":55},"end":{"line":24,"column":23}},"locations":[{"start":{"line":23,"column":55},"end":{"line":24,"column":23}}]},"5":{"type":"branch","line":31,"loc":{"start":{"line":31,"column":35},"end":{"line":48,"column":5}},"locations":[{"start":{"line":31,"column":35},"end":{"line":48,"column":5}}]},"6":{"type":"branch","line":33,"loc":{"start":{"line":33,"column":32},"end":{"line":33,"column":92}},"locations":[{"start":{"line":33,"column":32},"end":{"line":33,"column":92}}]},"7":{"type":"branch","line":33,"loc":{"start":{"line":33,"column":54},"end":{"line":33,"column":71}},"locations":[{"start":{"line":33,"column":54},"end":{"line":33,"column":71}}]},"8":{"type":"branch","line":33,"loc":{"start":{"line":33,"column":59},"end":{"line":33,"column":92}},"locations":[{"start":{"line":33,"column":59},"end":{"line":33,"column":92}}]},"9":{"type":"branch","line":33,"loc":{"start":{"line":33,"column":87},"end":{"line":33,"column":98}},"locations":[{"start":{"line":33,"column":87},"end":{"line":33,"column":98}}]},"10":{"type":"branch","line":41,"loc":{"start":{"line":41,"column":22},"end":{"line":47,"column":5}},"locations":[{"start":{"line":41,"column":22},"end":{"line":47,"column":5}}]},"11":{"type":"branch","line":35,"loc":{"start":{"line":35,"column":16},"end":{"line":38,"column":6}},"locations":[{"start":{"line":35,"column":16},"end":{"line":38,"column":6}}]},"12":{"type":"branch","line":42,"loc":{"start":{"line":42,"column":16},"end":{"line":46,"column":7}},"locations":[{"start":{"line":42,"column":16},"end":{"line":46,"column":7}}]},"13":{"type":"branch","line":51,"loc":{"start":{"line":51,"column":44},"end":{"line":64,"column":5}},"locations":[{"start":{"line":51,"column":44},"end":{"line":64,"column":5}}]},"14":{"type":"branch","line":57,"loc":{"start":{"line":57,"column":22},"end":{"line":63,"column":5}},"locations":[{"start":{"line":57,"column":22},"end":{"line":63,"column":5}}]},"15":{"type":"branch","line":52,"loc":{"start":{"line":52,"column":16},"end":{"line":55,"column":6}},"locations":[{"start":{"line":52,"column":16},"end":{"line":55,"column":6}}]},"16":{"type":"branch","line":68,"loc":{"start":{"line":68,"column":35},"end":{"line":130,"column":5}},"locations":[{"start":{"line":68,"column":35},"end":{"line":130,"column":5}}]},"17":{"type":"branch","line":72,"loc":{"start":{"line":72,"column":19},"end":{"line":126,"column":5}},"locations":[{"start":{"line":72,"column":19},"end":{"line":126,"column":5}}]},"18":{"type":"branch","line":74,"loc":{"start":{"line":74,"column":35},"end":{"line":74,"column":79}},"locations":[{"start":{"line":74,"column":35},"end":{"line":74,"column":79}}]},"19":{"type":"branch","line":74,"loc":{"start":{"line":74,"column":75},"end":{"line":74,"column":84}},"locations":[{"start":{"line":74,"column":75},"end":{"line":74,"column":84}}]},"20":{"type":"branch","line":75,"loc":{"start":{"line":75,"column":27},"end":{"line":75,"column":71}},"locations":[{"start":{"line":75,"column":27},"end":{"line":75,"column":71}}]},"21":{"type":"branch","line":75,"loc":{"start":{"line":75,"column":27},"end":{"line":78,"column":69}},"locations":[{"start":{"line":75,"column":27},"end":{"line":78,"column":69}}]},"22":{"type":"branch","line":78,"loc":{"start":{"line":78,"column":59},"end":{"line":79,"column":34}},"locations":[{"start":{"line":78,"column":59},"end":{"line":79,"column":34}}]},"23":{"type":"branch","line":79,"loc":{"start":{"line":79,"column":33},"end":{"line":80,"column":27}},"locations":[{"start":{"line":79,"column":33},"end":{"line":80,"column":27}}]},"24":{"type":"branch","line":83,"loc":{"start":{"line":83,"column":30},"end":{"line":96,"column":7}},"locations":[{"start":{"line":83,"column":30},"end":{"line":96,"column":7}}]},"25":{"type":"branch","line":84,"loc":{"start":{"line":84,"column":41},"end":{"line":90,"column":15}},"locations":[{"start":{"line":84,"column":41},"end":{"line":90,"column":15}}]},"26":{"type":"branch","line":86,"loc":{"start":{"line":86,"column":27},"end":{"line":86,"column":62}},"locations":[{"start":{"line":86,"column":27},"end":{"line":86,"column":62}}]},"27":{"type":"branch","line":86,"loc":{"start":{"line":86,"column":62},"end":{"line":89,"column":11}},"locations":[{"start":{"line":86,"column":62},"end":{"line":89,"column":11}}]},"28":{"type":"branch","line":90,"loc":{"start":{"line":90,"column":8},"end":{"line":95,"column":9}},"locations":[{"start":{"line":90,"column":8},"end":{"line":95,"column":9}}]},"29":{"type":"branch","line":91,"loc":{"start":{"line":91,"column":24},"end":{"line":91,"column":55}},"locations":[{"start":{"line":91,"column":24},"end":{"line":91,"column":55}}]},"30":{"type":"branch","line":91,"loc":{"start":{"line":91,"column":47},"end":{"line":91,"column":69}},"locations":[{"start":{"line":91,"column":47},"end":{"line":91,"column":69}}]},"31":{"type":"branch","line":91,"loc":{"start":{"line":91,"column":69},"end":{"line":94,"column":11}},"locations":[{"start":{"line":91,"column":69},"end":{"line":94,"column":11}}]},"32":{"type":"branch","line":96,"loc":{"start":{"line":96,"column":6},"end":{"line":99,"column":33}},"locations":[{"start":{"line":96,"column":6},"end":{"line":99,"column":33}}]},"33":{"type":"branch","line":99,"loc":{"start":{"line":99,"column":20},"end":{"line":99,"column":51}},"locations":[{"start":{"line":99,"column":20},"end":{"line":99,"column":51}}]},"34":{"type":"branch","line":99,"loc":{"start":{"line":99,"column":43},"end":{"line":99,"column":65}},"locations":[{"start":{"line":99,"column":43},"end":{"line":99,"column":65}}]},"35":{"type":"branch","line":99,"loc":{"start":{"line":99,"column":65},"end":{"line":124,"column":7}},"locations":[{"start":{"line":99,"column":65},"end":{"line":124,"column":7}}]},"36":{"type":"branch","line":101,"loc":{"start":{"line":101,"column":12},"end":{"line":112,"column":22}},"locations":[{"start":{"line":101,"column":12},"end":{"line":112,"column":22}}]},"37":{"type":"branch","line":102,"loc":{"start":{"line":102,"column":50},"end":{"line":102,"column":81}},"locations":[{"start":{"line":102,"column":50},"end":{"line":102,"column":81}}]},"38":{"type":"branch","line":104,"loc":{"start":{"line":104,"column":75},"end":{"line":107,"column":17}},"locations":[{"start":{"line":104,"column":75},"end":{"line":107,"column":17}}]},"39":{"type":"branch","line":108,"loc":{"start":{"line":108,"column":37},"end":{"line":108,"column":75}},"locations":[{"start":{"line":108,"column":37},"end":{"line":108,"column":75}}]},"40":{"type":"branch","line":108,"loc":{"start":{"line":108,"column":75},"end":{"line":111,"column":17}},"locations":[{"start":{"line":108,"column":75},"end":{"line":111,"column":17}}]},"41":{"type":"branch","line":113,"loc":{"start":{"line":113,"column":12},"end":{"line":119,"column":22}},"locations":[{"start":{"line":113,"column":12},"end":{"line":119,"column":22}}]},"42":{"type":"branch","line":115,"loc":{"start":{"line":115,"column":31},"end":{"line":115,"column":66}},"locations":[{"start":{"line":115,"column":31},"end":{"line":115,"column":66}}]},"43":{"type":"branch","line":115,"loc":{"start":{"line":115,"column":55},"end":{"line":115,"column":109}},"locations":[{"start":{"line":115,"column":55},"end":{"line":115,"column":109}}]},"44":{"type":"branch","line":115,"loc":{"start":{"line":115,"column":109},"end":{"line":118,"column":17}},"locations":[{"start":{"line":115,"column":109},"end":{"line":118,"column":17}}]},"45":{"type":"branch","line":121,"loc":{"start":{"line":121,"column":12},"end":{"line":122,"column":22}},"locations":[{"start":{"line":121,"column":12},"end":{"line":122,"column":22}}]},"46":{"type":"branch","line":132,"loc":{"start":{"line":132,"column":23},"end":{"line":149,"column":4}},"locations":[{"start":{"line":132,"column":23},"end":{"line":149,"column":4}}]},"47":{"type":"branch","line":134,"loc":{"start":{"line":134,"column":24},"end":{"line":146,"column":11}},"locations":[{"start":{"line":134,"column":24},"end":{"line":146,"column":11}}]},"48":{"type":"branch","line":146,"loc":{"start":{"line":146,"column":4},"end":{"line":148,"column":5}},"locations":[{"start":{"line":146,"column":4},"end":{"line":148,"column":5}}]},"49":{"type":"branch","line":137,"loc":{"start":{"line":137,"column":21},"end":{"line":143,"column":7}},"locations":[{"start":{"line":137,"column":21},"end":{"line":143,"column":7}}]},"50":{"type":"branch","line":138,"loc":{"start":{"line":138,"column":35},"end":{"line":142,"column":9}},"locations":[{"start":{"line":138,"column":35},"end":{"line":142,"column":9}}]},"51":{"type":"branch","line":139,"loc":{"start":{"line":139,"column":56},"end":{"line":141,"column":11}},"locations":[{"start":{"line":139,"column":56},"end":{"line":141,"column":11}}]},"52":{"type":"branch","line":152,"loc":{"start":{"line":152,"column":31},"end":{"line":219,"column":4}},"locations":[{"start":{"line":152,"column":31},"end":{"line":219,"column":4}}]},"53":{"type":"branch","line":153,"loc":{"start":{"line":153,"column":33},"end":{"line":153,"column":77}},"locations":[{"start":{"line":153,"column":33},"end":{"line":153,"column":77}}]},"54":{"type":"branch","line":153,"loc":{"start":{"line":153,"column":73},"end":{"line":153,"column":82}},"locations":[{"start":{"line":153,"column":73},"end":{"line":153,"column":82}}]},"55":{"type":"branch","line":154,"loc":{"start":{"line":154,"column":25},"end":{"line":156,"column":5}},"locations":[{"start":{"line":154,"column":25},"end":{"line":156,"column":5}}]},"56":{"type":"branch","line":156,"loc":{"start":{"line":156,"column":4},"end":{"line":158,"column":64}},"locations":[{"start":{"line":156,"column":4},"end":{"line":158,"column":64}}]},"57":{"type":"branch","line":158,"loc":{"start":{"line":158,"column":54},"end":{"line":159,"column":34}},"locations":[{"start":{"line":158,"column":54},"end":{"line":159,"column":34}}]},"58":{"type":"branch","line":159,"loc":{"start":{"line":159,"column":33},"end":{"line":160,"column":27}},"locations":[{"start":{"line":159,"column":33},"end":{"line":160,"column":27}}]},"59":{"type":"branch","line":166,"loc":{"start":{"line":166,"column":10},"end":{"line":216,"column":11}},"locations":[{"start":{"line":166,"column":10},"end":{"line":216,"column":11}}]},"60":{"type":"branch","line":168,"loc":{"start":{"line":168,"column":12},"end":{"line":177,"column":18}},"locations":[{"start":{"line":168,"column":12},"end":{"line":177,"column":18}}]},"61":{"type":"branch","line":179,"loc":{"start":{"line":179,"column":12},"end":{"line":188,"column":18}},"locations":[{"start":{"line":179,"column":12},"end":{"line":188,"column":18}}]},"62":{"type":"branch","line":190,"loc":{"start":{"line":190,"column":12},"end":{"line":199,"column":18}},"locations":[{"start":{"line":190,"column":12},"end":{"line":199,"column":18}}]},"63":{"type":"branch","line":201,"loc":{"start":{"line":201,"column":12},"end":{"line":210,"column":18}},"locations":[{"start":{"line":201,"column":12},"end":{"line":210,"column":18}}]},"64":{"type":"branch","line":212,"loc":{"start":{"line":212,"column":12},"end":{"line":214,"column":26}},"locations":[{"start":{"line":212,"column":12},"end":{"line":214,"column":26}}]},"65":{"type":"branch","line":227,"loc":{"start":{"line":227,"column":18},"end":{"line":227,"column":54}},"locations":[{"start":{"line":227,"column":18},"end":{"line":227,"column":54}}]}},"b":{"0":[88],"1":[16],"2":[76],"3":[15],"4":[61],"5":[50],"6":[15],"7":[1],"8":[14],"9":[35],"10":[3],"11":[50],"12":[3],"13":[12],"14":[0],"15":[12],"16":[10],"17":[50],"18":[10],"19":[40],"20":[4],"21":[46],"22":[6],"23":[40],"24":[34],"25":[10],"26":[6],"27":[4],"28":[24],"29":[13],"30":[13],"31":[11],"32":[46],"33":[27],"34":[27],"35":[27],"36":[5],"37":[0],"38":[2],"39":[3],"40":[2],"41":[10],"42":[6],"43":[6],"44":[1],"45":[12],"46":[10],"47":[2],"48":[8],"49":[10],"50":[4],"51":[2],"52":[436],"53":[87],"54":[349],"55":[49],"56":[387],"57":[38],"58":[349],"59":[387],"60":[125],"61":[87],"62":[87],"63":[87],"64":[1],"65":[436]},"fnMap":{"0":{"name":"FormRenderer","decl":{"start":{"line":17,"column":50},"end":{"line":236,"column":2}},"loc":{"start":{"line":17,"column":50},"end":{"line":236,"column":2}},"line":17},"1":{"name":"handleSubmit","decl":{"start":{"line":132,"column":23},"end":{"line":149,"column":4}},"loc":{"start":{"line":132,"column":23},"end":{"line":149,"column":4}},"line":132},"2":{"name":"renderFieldComponent","decl":{"start":{"line":152,"column":31},"end":{"line":219,"column":4}},"loc":{"start":{"line":152,"column":31},"end":{"line":219,"column":4}},"line":152}},"f":{"0":88,"1":10,"2":436}}
,"/Users/krisnafirdaus/Desktop/feature-byte/featurebyte-form-builder/src/components/FormFields/DateRangeInput.tsx": {"path":"/Users/krisnafirdaus/Desktop/feature-byte/featurebyte-form-builder/src/components/FormFields/DateRangeInput.tsx","all":false,"statementMap":{"2":{"start":{"line":3,"column":0},"end":{"line":3,"column":50}},"3":{"start":{"line":4,"column":0},"end":{"line":4,"column":54}},"14":{"start":{"line":15,"column":0},"end":{"line":15,"column":119}},"15":{"start":{"line":16,"column":0},"end":{"line":16,"column":45}},"16":{"start":{"line":17,"column":0},"end":{"line":17,"column":41}},"17":{"start":{"line":18,"column":0},"end":{"line":18,"column":40}},"20":{"start":{"line":21,"column":0},"end":{"line":21,"column":62}},"22":{"start":{"line":23,"column":0},"end":{"line":23,"column":90}},"23":{"start":{"line":24,"column":0},"end":{"line":24,"column":52}},"24":{"start":{"line":25,"column":0},"end":{"line":25,"column":48}},"25":{"start":{"line":26,"column":0},"end":{"line":26,"column":22}},"26":{"start":{"line":27,"column":0},"end":{"line":27,"column":79}},"27":{"start":{"line":28,"column":0},"end":{"line":28,"column":73}},"28":{"start":{"line":29,"column":0},"end":{"line":29,"column":6}},"29":{"start":{"line":30,"column":0},"end":{"line":30,"column":35}},"30":{"start":{"line":31,"column":0},"end":{"line":31,"column":4}},"32":{"start":{"line":33,"column":0},"end":{"line":33,"column":48}},"33":{"start":{"line":34,"column":0},"end":{"line":34,"column":44}},"35":{"start":{"line":36,"column":0},"end":{"line":36,"column":10}},"36":{"start":{"line":37,"column":0},"end":{"line":37,"column":6}},"37":{"start":{"line":38,"column":0},"end":{"line":38,"column":48}},"38":{"start":{"line":39,"column":0},"end":{"line":39,"column":21}},"39":{"start":{"line":40,"column":0},"end":{"line":40,"column":79}},"40":{"start":{"line":41,"column":0},"end":{"line":41,"column":14}},"41":{"start":{"line":42,"column":0},"end":{"line":42,"column":47}},"43":{"start":{"line":44,"column":0},"end":{"line":44,"column":47}},"44":{"start":{"line":45,"column":0},"end":{"line":45,"column":58}},"45":{"start":{"line":46,"column":0},"end":{"line":46,"column":16}},"46":{"start":{"line":47,"column":0},"end":{"line":47,"column":23}},"47":{"start":{"line":48,"column":0},"end":{"line":48,"column":29}},"48":{"start":{"line":49,"column":0},"end":{"line":49,"column":32}},"49":{"start":{"line":50,"column":0},"end":{"line":50,"column":34}},"50":{"start":{"line":51,"column":0},"end":{"line":51,"column":75}},"51":{"start":{"line":52,"column":0},"end":{"line":52,"column":28}},"52":{"start":{"line":53,"column":0},"end":{"line":53,"column":34}},"53":{"start":{"line":54,"column":0},"end":{"line":54,"column":38}},"54":{"start":{"line":55,"column":0},"end":{"line":55,"column":58}},"55":{"start":{"line":56,"column":0},"end":{"line":56,"column":103}},"56":{"start":{"line":57,"column":0},"end":{"line":57,"column":12}},"57":{"start":{"line":58,"column":0},"end":{"line":58,"column":14}},"60":{"start":{"line":61,"column":0},"end":{"line":61,"column":47}},"61":{"start":{"line":62,"column":0},"end":{"line":62,"column":54}},"62":{"start":{"line":63,"column":0},"end":{"line":63,"column":16}},"63":{"start":{"line":64,"column":0},"end":{"line":64,"column":23}},"64":{"start":{"line":65,"column":0},"end":{"line":65,"column":27}},"65":{"start":{"line":66,"column":0},"end":{"line":66,"column":30}},"66":{"start":{"line":67,"column":0},"end":{"line":67,"column":32}},"67":{"start":{"line":68,"column":0},"end":{"line":68,"column":73}},"68":{"start":{"line":69,"column":0},"end":{"line":69,"column":27}},"69":{"start":{"line":70,"column":0},"end":{"line":70,"column":33}},"70":{"start":{"line":71,"column":0},"end":{"line":71,"column":38}},"71":{"start":{"line":72,"column":0},"end":{"line":72,"column":58}},"72":{"start":{"line":73,"column":0},"end":{"line":73,"column":103}},"73":{"start":{"line":74,"column":0},"end":{"line":74,"column":46}},"74":{"start":{"line":75,"column":0},"end":{"line":75,"column":12}},"75":{"start":{"line":76,"column":0},"end":{"line":76,"column":14}},"76":{"start":{"line":77,"column":0},"end":{"line":77,"column":12}},"77":{"start":{"line":78,"column":0},"end":{"line":78,"column":96}},"78":{"start":{"line":79,"column":0},"end":{"line":79,"column":7}},"80":{"start":{"line":81,"column":0},"end":{"line":81,"column":2}},"82":{"start":{"line":83,"column":0},"end":{"line":83,"column":30}}},"s":{"2":1,"3":1,"14":1,"15":96,"16":96,"17":96,"20":96,"22":96,"23":14,"24":14,"25":14,"26":14,"27":14,"28":14,"29":14,"30":14,"32":96,"33":96,"35":96,"36":96,"37":96,"38":96,"39":96,"40":96,"41":96,"43":96,"44":96,"45":96,"46":96,"47":96,"48":96,"49":96,"50":96,"51":96,"52":96,"53":96,"54":96,"55":96,"56":96,"57":96,"60":96,"61":96,"62":96,"63":96,"64":96,"65":96,"66":96,"67":96,"68":96,"69":96,"70":96,"71":96,"72":96,"73":96,"74":96,"75":96,"76":96,"77":96,"78":96,"80":96,"82":1},"branchMap":{"0":{"type":"branch","line":15,"loc":{"start":{"line":15,"column":54},"end":{"line":81,"column":2}},"locations":[{"start":{"line":15,"column":54},"end":{"line":81,"column":2}}]},"1":{"type":"branch","line":33,"loc":{"start":{"line":33,"column":25},"end":{"line":33,"column":45}},"locations":[{"start":{"line":33,"column":25},"end":{"line":33,"column":45}}]},"2":{"type":"branch","line":33,"loc":{"start":{"line":33,"column":32},"end":{"line":33,"column":48}},"locations":[{"start":{"line":33,"column":32},"end":{"line":33,"column":48}}]},"3":{"type":"branch","line":34,"loc":{"start":{"line":34,"column":23},"end":{"line":34,"column":41}},"locations":[{"start":{"line":34,"column":23},"end":{"line":34,"column":41}}]},"4":{"type":"branch","line":34,"loc":{"start":{"line":34,"column":30},"end":{"line":34,"column":44}},"locations":[{"start":{"line":34,"column":30},"end":{"line":34,"column":44}}]},"5":{"type":"branch","line":40,"loc":{"start":{"line":40,"column":9},"end":{"line":40,"column":79}},"locations":[{"start":{"line":40,"column":9},"end":{"line":40,"column":79}}]},"6":{"type":"branch","line":55,"loc":{"start":{"line":55,"column":30},"end":{"line":55,"column":48}},"locations":[{"start":{"line":55,"column":30},"end":{"line":55,"column":48}}]},"7":{"type":"branch","line":55,"loc":{"start":{"line":55,"column":38},"end":{"line":55,"column":58}},"locations":[{"start":{"line":55,"column":38},"end":{"line":55,"column":58}}]},"8":{"type":"branch","line":56,"loc":{"start":{"line":56,"column":46},"end":{"line":56,"column":74}},"locations":[{"start":{"line":56,"column":46},"end":{"line":56,"column":74}}]},"9":{"type":"branch","line":56,"loc":{"start":{"line":56,"column":61},"end":{"line":56,"column":76}},"locations":[{"start":{"line":56,"column":61},"end":{"line":56,"column":76}}]},"10":{"type":"branch","line":72,"loc":{"start":{"line":72,"column":30},"end":{"line":72,"column":48}},"locations":[{"start":{"line":72,"column":30},"end":{"line":72,"column":48}}]},"11":{"type":"branch","line":72,"loc":{"start":{"line":72,"column":38},"end":{"line":72,"column":58}},"locations":[{"start":{"line":72,"column":38},"end":{"line":72,"column":58}}]},"12":{"type":"branch","line":73,"loc":{"start":{"line":73,"column":46},"end":{"line":73,"column":74}},"locations":[{"start":{"line":73,"column":46},"end":{"line":73,"column":74}}]},"13":{"type":"branch","line":73,"loc":{"start":{"line":73,"column":61},"end":{"line":73,"column":76}},"locations":[{"start":{"line":73,"column":61},"end":{"line":73,"column":76}}]},"14":{"type":"branch","line":74,"loc":{"start":{"line":74,"column":17},"end":{"line":74,"column":46}},"locations":[{"start":{"line":74,"column":17},"end":{"line":74,"column":46}}]},"15":{"type":"branch","line":78,"loc":{"start":{"line":78,"column":7},"end":{"line":78,"column":96}},"locations":[{"start":{"line":78,"column":7},"end":{"line":78,"column":96}}]},"16":{"type":"branch","line":23,"loc":{"start":{"line":23,"column":27},"end":{"line":31,"column":4}},"locations":[{"start":{"line":23,"column":27},"end":{"line":31,"column":4}}]},"17":{"type":"branch","line":24,"loc":{"start":{"line":24,"column":36},"end":{"line":24,"column":52}},"locations":[{"start":{"line":24,"column":36},"end":{"line":24,"column":52}}]},"18":{"type":"branch","line":25,"loc":{"start":{"line":25,"column":34},"end":{"line":25,"column":48}},"locations":[{"start":{"line":25,"column":34},"end":{"line":25,"column":48}}]},"19":{"type":"branch","line":27,"loc":{"start":{"line":27,"column":36},"end":{"line":27,"column":62}},"locations":[{"start":{"line":27,"column":36},"end":{"line":27,"column":62}}]},"20":{"type":"branch","line":27,"loc":{"start":{"line":27,"column":50},"end":{"line":27,"column":79}},"locations":[{"start":{"line":27,"column":50},"end":{"line":27,"column":79}}]},"21":{"type":"branch","line":28,"loc":{"start":{"line":28,"column":34},"end":{"line":28,"column":58}},"locations":[{"start":{"line":28,"column":34},"end":{"line":28,"column":58}}]},"22":{"type":"branch","line":28,"loc":{"start":{"line":28,"column":46},"end":{"line":28,"column":73}},"locations":[{"start":{"line":28,"column":46},"end":{"line":28,"column":73}}]},"23":{"type":"branch","line":51,"loc":{"start":{"line":51,"column":22},"end":{"line":51,"column":75}},"locations":[{"start":{"line":51,"column":22},"end":{"line":51,"column":75}}]},"24":{"type":"branch","line":68,"loc":{"start":{"line":68,"column":22},"end":{"line":68,"column":73}},"locations":[{"start":{"line":68,"column":22},"end":{"line":68,"column":73}}]}},"b":{"0":[96],"1":[91],"2":[66],"3":[91],"4":[73],"5":[89],"6":[8],"7":[88],"8":[8],"9":[88],"10":[8],"11":[88],"12":[8],"13":[88],"14":[66],"15":[8],"16":[14],"17":[7],"18":[13],"19":[7],"20":[7],"21":[7],"22":[7],"23":[7],"24":[7]},"fnMap":{"0":{"name":"DateRangeInput","decl":{"start":{"line":15,"column":54},"end":{"line":81,"column":2}},"loc":{"start":{"line":15,"column":54},"end":{"line":81,"column":2}},"line":15},"1":{"name":"handleDateChange","decl":{"start":{"line":23,"column":27},"end":{"line":31,"column":4}},"loc":{"start":{"line":23,"column":27},"end":{"line":31,"column":4}},"line":23},"2":{"name":"onChange","decl":{"start":{"line":51,"column":22},"end":{"line":51,"column":75}},"loc":{"start":{"line":51,"column":22},"end":{"line":51,"column":75}},"line":51},"3":{"name":"onChange","decl":{"start":{"line":68,"column":22},"end":{"line":68,"column":73}},"loc":{"start":{"line":68,"column":22},"end":{"line":68,"column":73}},"line":68}},"f":{"0":96,"1":14,"2":7,"3":7}}
,"/Users/krisnafirdaus/Desktop/feature-byte/featurebyte-form-builder/src/components/FormFields/NumberInput.tsx": {"path":"/Users/krisnafirdaus/Desktop/feature-byte/featurebyte-form-builder/src/components/FormFields/NumberInput.tsx","all":false,"statementMap":{"2":{"start":{"line":3,"column":0},"end":{"line":3,"column":78}},"13":{"start":{"line":14,"column":0},"end":{"line":14,"column":113}},"14":{"start":{"line":15,"column":0},"end":{"line":15,"column":29}},"15":{"start":{"line":16,"column":0},"end":{"line":16,"column":40}},"17":{"start":{"line":18,"column":0},"end":{"line":18,"column":10}},"18":{"start":{"line":19,"column":0},"end":{"line":19,"column":6}},"19":{"start":{"line":20,"column":0},"end":{"line":20,"column":95}},"20":{"start":{"line":21,"column":0},"end":{"line":21,"column":21}},"21":{"start":{"line":22,"column":0},"end":{"line":22,"column":117}},"22":{"start":{"line":23,"column":0},"end":{"line":23,"column":14}},"23":{"start":{"line":24,"column":0},"end":{"line":24,"column":12}},"24":{"start":{"line":25,"column":0},"end":{"line":25,"column":42}},"25":{"start":{"line":26,"column":0},"end":{"line":26,"column":20}},"26":{"start":{"line":27,"column":0},"end":{"line":27,"column":25}},"27":{"start":{"line":28,"column":0},"end":{"line":28,"column":101}},"28":{"start":{"line":29,"column":0},"end":{"line":29,"column":52}},"29":{"start":{"line":30,"column":0},"end":{"line":30,"column":23}},"30":{"start":{"line":31,"column":0},"end":{"line":31,"column":23}},"31":{"start":{"line":32,"column":0},"end":{"line":32,"column":23}},"32":{"start":{"line":33,"column":0},"end":{"line":33,"column":75}},"33":{"start":{"line":34,"column":0},"end":{"line":34,"column":34}},"34":{"start":{"line":35,"column":0},"end":{"line":35,"column":39}},"35":{"start":{"line":36,"column":0},"end":{"line":36,"column":30}},"36":{"start":{"line":37,"column":0},"end":{"line":37,"column":54}},"37":{"start":{"line":38,"column":0},"end":{"line":38,"column":117}},"38":{"start":{"line":39,"column":0},"end":{"line":39,"column":8}},"39":{"start":{"line":40,"column":0},"end":{"line":40,"column":133}},"40":{"start":{"line":41,"column":0},"end":{"line":41,"column":7}},"42":{"start":{"line":43,"column":0},"end":{"line":43,"column":2}},"44":{"start":{"line":45,"column":0},"end":{"line":45,"column":27}}},"s":{"2":1,"13":1,"14":96,"15":96,"17":96,"18":96,"19":96,"20":96,"21":96,"22":96,"23":96,"24":96,"25":96,"26":96,"27":96,"28":96,"29":96,"30":96,"31":96,"32":96,"33":96,"34":96,"35":96,"36":96,"37":96,"38":96,"39":96,"40":96,"42":96,"44":1},"branchMap":{"0":{"type":"branch","line":14,"loc":{"start":{"line":14,"column":48},"end":{"line":43,"column":2}},"locations":[{"start":{"line":14,"column":48},"end":{"line":43,"column":2}}]},"1":{"type":"branch","line":22,"loc":{"start":{"line":22,"column":9},"end":{"line":22,"column":117}},"locations":[{"start":{"line":22,"column":9},"end":{"line":22,"column":117}}]},"2":{"type":"branch","line":28,"loc":{"start":{"line":28,"column":25},"end":{"line":28,"column":55}},"locations":[{"start":{"line":28,"column":25},"end":{"line":28,"column":55}}]},"3":{"type":"branch","line":28,"loc":{"start":{"line":28,"column":48},"end":{"line":28,"column":60}},"locations":[{"start":{"line":28,"column":48},"end":{"line":28,"column":60}}]},"4":{"type":"branch","line":28,"loc":{"start":{"line":28,"column":55},"end":{"line":28,"column":101}},"locations":[{"start":{"line":28,"column":55},"end":{"line":28,"column":101}}]},"5":{"type":"branch","line":33,"loc":{"start":{"line":33,"column":20},"end":{"line":33,"column":75}},"locations":[{"start":{"line":33,"column":20},"end":{"line":33,"column":75}}]},"6":{"type":"branch","line":37,"loc":{"start":{"line":37,"column":26},"end":{"line":37,"column":44}},"locations":[{"start":{"line":37,"column":26},"end":{"line":37,"column":44}}]},"7":{"type":"branch","line":37,"loc":{"start":{"line":37,"column":34},"end":{"line":37,"column":54}},"locations":[{"start":{"line":37,"column":34},"end":{"line":37,"column":54}}]},"8":{"type":"branch","line":38,"loc":{"start":{"line":38,"column":48},"end":{"line":38,"column":82}},"locations":[{"start":{"line":38,"column":48},"end":{"line":38,"column":82}}]},"9":{"type":"branch","line":38,"loc":{"start":{"line":38,"column":69},"end":{"line":38,"column":84}},"locations":[{"start":{"line":38,"column":69},"end":{"line":38,"column":84}}]},"10":{"type":"branch","line":40,"loc":{"start":{"line":40,"column":7},"end":{"line":40,"column":133}},"locations":[{"start":{"line":40,"column":7},"end":{"line":40,"column":133}}]}},"b":{"0":[96],"1":[7],"2":[29],"3":[67],"4":[29],"5":[95],"6":[6],"7":[90],"8":[6],"9":[90],"10":[6]},"fnMap":{"0":{"name":"NumberInput","decl":{"start":{"line":14,"column":48},"end":{"line":43,"column":2}},"loc":{"start":{"line":14,"column":48},"end":{"line":43,"column":2}},"line":14}},"f":{"0":96}}
,"/Users/krisnafirdaus/Desktop/feature-byte/featurebyte-form-builder/src/components/FormFields/SelectInput.tsx": {"path":"/Users/krisnafirdaus/Desktop/feature-byte/featurebyte-form-builder/src/components/FormFields/SelectInput.tsx","all":false,"statementMap":{"2":{"start":{"line":3,"column":0},"end":{"line":3,"column":54}},"13":{"start":{"line":14,"column":0},"end":{"line":14,"column":113}},"14":{"start":{"line":15,"column":0},"end":{"line":15,"column":29}},"15":{"start":{"line":16,"column":0},"end":{"line":16,"column":40}},"17":{"start":{"line":18,"column":0},"end":{"line":18,"column":10}},"18":{"start":{"line":19,"column":0},"end":{"line":19,"column":6}},"19":{"start":{"line":20,"column":0},"end":{"line":20,"column":66}},"20":{"start":{"line":21,"column":0},"end":{"line":21,"column":21}},"21":{"start":{"line":22,"column":0},"end":{"line":22,"column":83}},"22":{"start":{"line":23,"column":0},"end":{"line":23,"column":14}},"23":{"start":{"line":24,"column":0},"end":{"line":24,"column":13}},"24":{"start":{"line":25,"column":0},"end":{"line":25,"column":20}},"25":{"start":{"line":26,"column":0},"end":{"line":26,"column":25}},"26":{"start":{"line":27,"column":0},"end":{"line":27,"column":27}},"27":{"start":{"line":28,"column":0},"end":{"line":28,"column":27}},"28":{"start":{"line":29,"column":0},"end":{"line":29,"column":23}},"29":{"start":{"line":30,"column":0},"end":{"line":30,"column":34}},"30":{"start":{"line":31,"column":0},"end":{"line":31,"column":39}},"31":{"start":{"line":32,"column":0},"end":{"line":32,"column":30}},"32":{"start":{"line":33,"column":0},"end":{"line":33,"column":54}},"33":{"start":{"line":34,"column":0},"end":{"line":34,"column":88}},"35":{"start":{"line":36,"column":0},"end":{"line":36,"column":71}},"36":{"start":{"line":37,"column":0},"end":{"line":37,"column":75}},"38":{"start":{"line":39,"column":0},"end":{"line":39,"column":54}},"39":{"start":{"line":40,"column":0},"end":{"line":40,"column":58}},"40":{"start":{"line":41,"column":0},"end":{"line":41,"column":26}},"41":{"start":{"line":42,"column":0},"end":{"line":42,"column":19}},"42":{"start":{"line":43,"column":0},"end":{"line":43,"column":11}},"43":{"start":{"line":44,"column":0},"end":{"line":44,"column":15}},"44":{"start":{"line":45,"column":0},"end":{"line":45,"column":101}},"45":{"start":{"line":46,"column":0},"end":{"line":46,"column":7}},"47":{"start":{"line":48,"column":0},"end":{"line":48,"column":2}},"49":{"start":{"line":50,"column":0},"end":{"line":50,"column":27}}},"s":{"2":1,"13":1,"14":96,"15":96,"17":96,"18":96,"19":96,"20":96,"21":96,"22":96,"23":96,"24":96,"25":96,"26":96,"27":96,"28":96,"29":96,"30":96,"31":96,"32":96,"33":96,"35":96,"36":57,"38":96,"39":201,"40":201,"41":201,"42":96,"43":96,"44":96,"45":96,"47":96,"49":1},"branchMap":{"0":{"type":"branch","line":14,"loc":{"start":{"line":14,"column":48},"end":{"line":48,"column":2}},"locations":[{"start":{"line":14,"column":48},"end":{"line":48,"column":2}}]},"1":{"type":"branch","line":22,"loc":{"start":{"line":22,"column":9},"end":{"line":22,"column":83}},"locations":[{"start":{"line":22,"column":9},"end":{"line":22,"column":83}}]},"2":{"type":"branch","line":27,"loc":{"start":{"line":27,"column":15},"end":{"line":27,"column":27}},"locations":[{"start":{"line":27,"column":15},"end":{"line":27,"column":27}}]},"3":{"type":"branch","line":33,"loc":{"start":{"line":33,"column":26},"end":{"line":33,"column":44}},"locations":[{"start":{"line":33,"column":26},"end":{"line":33,"column":44}}]},"4":{"type":"branch","line":33,"loc":{"start":{"line":33,"column":34},"end":{"line":33,"column":54}},"locations":[{"start":{"line":33,"column":34},"end":{"line":33,"column":54}}]},"5":{"type":"branch","line":34,"loc":{"start":{"line":34,"column":49},"end":{"line":34,"column":83}},"locations":[{"start":{"line":34,"column":49},"end":{"line":34,"column":83}}]},"6":{"type":"branch","line":34,"loc":{"start":{"line":34,"column":70},"end":{"line":34,"column":85}},"locations":[{"start":{"line":34,"column":70},"end":{"line":34,"column":85}}]},"7":{"type":"branch","line":36,"loc":{"start":{"line":36,"column":11},"end":{"line":36,"column":53}},"locations":[{"start":{"line":36,"column":11},"end":{"line":36,"column":53}}]},"8":{"type":"branch","line":36,"loc":{"start":{"line":36,"column":40},"end":{"line":36,"column":71}},"locations":[{"start":{"line":36,"column":40},"end":{"line":36,"column":71}}]},"9":{"type":"branch","line":36,"loc":{"start":{"line":36,"column":63},"end":{"line":37,"column":75}},"locations":[{"start":{"line":36,"column":63},"end":{"line":37,"column":75}}]},"10":{"type":"branch","line":45,"loc":{"start":{"line":45,"column":7},"end":{"line":45,"column":101}},"locations":[{"start":{"line":45,"column":7},"end":{"line":45,"column":101}}]},"11":{"type":"branch","line":39,"loc":{"start":{"line":39,"column":27},"end":{"line":42,"column":19}},"locations":[{"start":{"line":39,"column":27},"end":{"line":42,"column":19}}]}},"b":{"0":[96],"1":[90],"2":[55],"3":[7],"4":[89],"5":[7],"6":[89],"7":[90],"8":[41],"9":[57],"10":[7],"11":[201]},"fnMap":{"0":{"name":"SelectInput","decl":{"start":{"line":14,"column":48},"end":{"line":48,"column":2}},"loc":{"start":{"line":14,"column":48},"end":{"line":48,"column":2}},"line":14}},"f":{"0":96}}
,"/Users/krisnafirdaus/Desktop/feature-byte/featurebyte-form-builder/src/components/FormFields/TextInput.tsx": {"path":"/Users/krisnafirdaus/Desktop/feature-byte/featurebyte-form-builder/src/components/FormFields/TextInput.tsx","all":false,"statementMap":{"2":{"start":{"line":3,"column":0},"end":{"line":3,"column":55}},"13":{"start":{"line":14,"column":0},"end":{"line":14,"column":109}},"14":{"start":{"line":15,"column":0},"end":{"line":15,"column":29}},"15":{"start":{"line":16,"column":0},"end":{"line":16,"column":40}},"17":{"start":{"line":18,"column":0},"end":{"line":18,"column":10}},"18":{"start":{"line":19,"column":0},"end":{"line":19,"column":6}},"19":{"start":{"line":20,"column":0},"end":{"line":20,"column":66}},"20":{"start":{"line":21,"column":0},"end":{"line":21,"column":21}},"21":{"start":{"line":22,"column":0},"end":{"line":22,"column":83}},"22":{"start":{"line":23,"column":0},"end":{"line":23,"column":14}},"23":{"start":{"line":24,"column":0},"end":{"line":24,"column":12}},"24":{"start":{"line":25,"column":0},"end":{"line":25,"column":20}},"25":{"start":{"line":26,"column":0},"end":{"line":26,"column":20}},"26":{"start":{"line":27,"column":0},"end":{"line":27,"column":25}},"27":{"start":{"line":28,"column":0},"end":{"line":28,"column":27}},"28":{"start":{"line":29,"column":0},"end":{"line":29,"column":28}},"29":{"start":{"line":30,"column":0},"end":{"line":30,"column":24}},"30":{"start":{"line":31,"column":0},"end":{"line":31,"column":34}},"31":{"start":{"line":32,"column":0},"end":{"line":32,"column":39}},"32":{"start":{"line":33,"column":0},"end":{"line":33,"column":30}},"33":{"start":{"line":34,"column":0},"end":{"line":34,"column":54}},"34":{"start":{"line":35,"column":0},"end":{"line":35,"column":88}},"35":{"start":{"line":36,"column":0},"end":{"line":36,"column":8}},"36":{"start":{"line":37,"column":0},"end":{"line":37,"column":101}},"37":{"start":{"line":38,"column":0},"end":{"line":38,"column":7}},"39":{"start":{"line":40,"column":0},"end":{"line":40,"column":2}},"41":{"start":{"line":42,"column":0},"end":{"line":42,"column":25}}},"s":{"2":1,"13":1,"14":132,"15":132,"17":132,"18":132,"19":132,"20":132,"21":132,"22":132,"23":132,"24":132,"25":132,"26":132,"27":132,"28":132,"29":132,"30":132,"31":132,"32":132,"33":132,"34":132,"35":132,"36":132,"37":132,"39":132,"41":1},"branchMap":{"0":{"type":"branch","line":14,"loc":{"start":{"line":14,"column":44},"end":{"line":40,"column":2}},"locations":[{"start":{"line":14,"column":44},"end":{"line":40,"column":2}}]},"1":{"type":"branch","line":22,"loc":{"start":{"line":22,"column":9},"end":{"line":22,"column":83}},"locations":[{"start":{"line":22,"column":9},"end":{"line":22,"column":83}}]},"2":{"type":"branch","line":28,"loc":{"start":{"line":28,"column":15},"end":{"line":28,"column":27}},"locations":[{"start":{"line":28,"column":15},"end":{"line":28,"column":27}}]},"3":{"type":"branch","line":34,"loc":{"start":{"line":34,"column":26},"end":{"line":34,"column":44}},"locations":[{"start":{"line":34,"column":26},"end":{"line":34,"column":44}}]},"4":{"type":"branch","line":34,"loc":{"start":{"line":34,"column":34},"end":{"line":34,"column":54}},"locations":[{"start":{"line":34,"column":34},"end":{"line":34,"column":54}}]},"5":{"type":"branch","line":35,"loc":{"start":{"line":35,"column":48},"end":{"line":35,"column":82}},"locations":[{"start":{"line":35,"column":48},"end":{"line":35,"column":82}}]},"6":{"type":"branch","line":35,"loc":{"start":{"line":35,"column":69},"end":{"line":35,"column":84}},"locations":[{"start":{"line":35,"column":69},"end":{"line":35,"column":84}}]},"7":{"type":"branch","line":37,"loc":{"start":{"line":37,"column":7},"end":{"line":37,"column":101}},"locations":[{"start":{"line":37,"column":7},"end":{"line":37,"column":101}}]}},"b":{"0":[132],"1":[114],"2":[75],"3":[12],"4":[120],"5":[12],"6":[120],"7":[12]},"fnMap":{"0":{"name":"TextInput","decl":{"start":{"line":14,"column":44},"end":{"line":40,"column":2}},"loc":{"start":{"line":14,"column":44},"end":{"line":40,"column":2}},"line":14}},"f":{"0":132}}
}
